make --dry-run --always-make --keep-going --print-directory
make: Entering directory '/home/djaisin/Documents/Coding/pipex'
echo "\n\033[0;34m======== libft ========\033[0m"
make -C ./libs/libft/srcs/
make[1]: Entering directory '/home/djaisin/Documents/Coding/pipex/libs/libft/srcs'
echo "\033[32;1mCompiling: ft_memmove.c"
gcc -Wall -Wextra -Werror -c ft_memmove.c -o ft_memmove.o
echo "\033[32;1mCompiling: ft_strjoin.c"
gcc -Wall -Wextra -Werror -c ft_strjoin.c -o ft_strjoin.o
echo "\033[32;1mCompiling: ft_isalnum.c"
gcc -Wall -Wextra -Werror -c ft_isalnum.c -o ft_isalnum.o
echo "\033[32;1mCompiling: ft_isdigit.c"
gcc -Wall -Wextra -Werror -c ft_isdigit.c -o ft_isdigit.o
echo "\033[32;1mCompiling: ft_substr.c"
gcc -Wall -Wextra -Werror -c ft_substr.c -o ft_substr.o
echo "\033[32;1mCompiling: ft_memchr.c"
gcc -Wall -Wextra -Werror -c ft_memchr.c -o ft_memchr.o
echo "\033[32;1mCompiling: ft_itoa.c"
gcc -Wall -Wextra -Werror -c ft_itoa.c -o ft_itoa.o
echo "\033[32;1mCompiling: ft_isspace.c"
gcc -Wall -Wextra -Werror -c ft_isspace.c -o ft_isspace.o
echo "\033[32;1mCompiling: ft_memcmp.c"
gcc -Wall -Wextra -Werror -c ft_memcmp.c -o ft_memcmp.o
echo "\033[32;1mCompiling: ft_strchr.c"
gcc -Wall -Wextra -Werror -c ft_strchr.c -o ft_strchr.o
echo "\033[32;1mCompiling: ft_strlcat.c"
gcc -Wall -Wextra -Werror -c ft_strlcat.c -o ft_strlcat.o
echo "\033[32;1mCompiling: ft_calloc.c"
gcc -Wall -Wextra -Werror -c ft_calloc.c -o ft_calloc.o
echo "\033[32;1mCompiling: ft_putstr_fd.c"
gcc -Wall -Wextra -Werror -c ft_putstr_fd.c -o ft_putstr_fd.o
echo "\033[32;1mCompiling: ft_intlen.c"
gcc -Wall -Wextra -Werror -c ft_intlen.c -o ft_intlen.o
echo "\033[32;1mCompiling: ft_strtrim.c"
gcc -Wall -Wextra -Werror -c ft_strtrim.c -o ft_strtrim.o
echo "\033[32;1mCompiling: ft_tolower.c"
gcc -Wall -Wextra -Werror -c ft_tolower.c -o ft_tolower.o
echo "\033[32;1mCompiling: ft_memcpy.c"
gcc -Wall -Wextra -Werror -c ft_memcpy.c -o ft_memcpy.o
echo "\033[32;1mCompiling: ft_putendl_fd.c"
gcc -Wall -Wextra -Werror -c ft_putendl_fd.c -o ft_putendl_fd.o
echo "\033[32;1mCompiling: ft_strnstr.c"
gcc -Wall -Wextra -Werror -c ft_strnstr.c -o ft_strnstr.o
echo "\033[32;1mCompiling: ft_putchar_fd.c"
gcc -Wall -Wextra -Werror -c ft_putchar_fd.c -o ft_putchar_fd.o
echo "\033[32;1mCompiling: ft_toupper.c"
gcc -Wall -Wextra -Werror -c ft_toupper.c -o ft_toupper.o
echo "\033[32;1mCompiling: ft_memset.c"
gcc -Wall -Wextra -Werror -c ft_memset.c -o ft_memset.o
echo "\033[32;1mCompiling: ft_strncmp.c"
gcc -Wall -Wextra -Werror -c ft_strncmp.c -o ft_strncmp.o
echo "\033[32;1mCompiling: ft_striteri.c"
gcc -Wall -Wextra -Werror -c ft_striteri.c -o ft_striteri.o
echo "\033[32;1mCompiling: ft_realloc.c"
gcc -Wall -Wextra -Werror -c ft_realloc.c -o ft_realloc.o
echo "\033[32;1mCompiling: ft_isprint.c"
gcc -Wall -Wextra -Werror -c ft_isprint.c -o ft_isprint.o
echo "\033[32;1mCompiling: ft_isalpha.c"
gcc -Wall -Wextra -Werror -c ft_isalpha.c -o ft_isalpha.o
echo "\033[32;1mCompiling: ft_pow.c"
gcc -Wall -Wextra -Werror -c ft_pow.c -o ft_pow.o
echo "\033[32;1mCompiling: ft_strdup.c"
gcc -Wall -Wextra -Werror -c ft_strdup.c -o ft_strdup.o
echo "\033[32;1mCompiling: ft_putnbr_fd.c"
gcc -Wall -Wextra -Werror -c ft_putnbr_fd.c -o ft_putnbr_fd.o
echo "\033[32;1mCompiling: ft_bzero.c"
gcc -Wall -Wextra -Werror -c ft_bzero.c -o ft_bzero.o
echo "\033[32;1mCompiling: ft_atoi.c"
gcc -Wall -Wextra -Werror -c ft_atoi.c -o ft_atoi.o
echo "\033[32;1mCompiling: ft_wcount.c"
gcc -Wall -Wextra -Werror -c ft_wcount.c -o ft_wcount.o
echo "\033[32;1mCompiling: ft_strrchr.c"
gcc -Wall -Wextra -Werror -c ft_strrchr.c -o ft_strrchr.o
echo "\033[32;1mCompiling: ft_strmapi.c"
gcc -Wall -Wextra -Werror -c ft_strmapi.c -o ft_strmapi.o
echo "\033[32;1mCompiling: ft_isascii.c"
gcc -Wall -Wextra -Werror -c ft_isascii.c -o ft_isascii.o
echo "\033[32;1mCompiling: ft_strlcpy.c"
gcc -Wall -Wextra -Werror -c ft_strlcpy.c -o ft_strlcpy.o
echo "\033[32;1mCompiling: ft_abs.c"
gcc -Wall -Wextra -Werror -c ft_abs.c -o ft_abs.o
echo "\033[32;1mCompiling: ft_split.c"
gcc -Wall -Wextra -Werror -c ft_split.c -o ft_split.o
echo "\033[32;1mCompiling: ft_strlen.c"
gcc -Wall -Wextra -Werror -c ft_strlen.c -o ft_strlen.o
echo "\033[32;1mCompiling: get_next_line_utils.c"
gcc -Wall -Wextra -Werror -c get_next_line_utils.c -o get_next_line_utils.o
echo "\033[32;1mCompiling: get_next_line.c"
gcc -Wall -Wextra -Werror -c get_next_line.c -o get_next_line.o
ar rcs libft.a ft_memmove.o ft_strjoin.o ft_isalnum.o ft_isdigit.o ft_substr.o ft_memchr.o ft_itoa.o ft_isspace.o ft_memcmp.o ft_strchr.o ft_strlcat.o ft_calloc.o ft_putstr_fd.o ft_intlen.o ft_strtrim.o ft_tolower.o ft_memcpy.o ft_putendl_fd.o ft_strnstr.o ft_putchar_fd.o ft_toupper.o ft_memset.o ft_strncmp.o ft_striteri.o ft_realloc.o ft_isprint.o ft_isalpha.o ft_pow.o ft_strdup.o ft_putnbr_fd.o ft_bzero.o ft_atoi.o ft_wcount.o ft_strrchr.o ft_strmapi.o ft_isascii.o ft_strlcpy.o ft_abs.o ft_split.o ft_strlen.o get_next_line_utils.o get_next_line.o
echo "Done"
make[1]: Leaving directory '/home/djaisin/Documents/Coding/pipex/libs/libft/srcs'
clang -Wall -Werror -Wextra   -c -o srcs/init.o srcs/init.c
clang -Wall -Werror -Wextra   -c -o srcs/errors.o srcs/errors.c
clang -Wall -Werror -Wextra   -c -o srcs/execution.o srcs/execution.c
echo "\033[0;35m======== Compiling... ========\033[0m"
clang -Wall -Werror -Wextra -I includes -I libs/libft/srcs ./srcs/init.o ./srcs/errors.o ./srcs/execution.o ./libs/libft/srcs/libft.a -fsanitize=address -o pipex
make: Leaving directory '/home/djaisin/Documents/Coding/pipex'
 
