make all --print-data-base --no-builtin-variables --no-builtin-rules --question
# GNU Make 4.2.1
# Built for x86_64-pc-linux-gnu
# Copyright (C) 1988-2016 Free Software Foundation, Inc.
# License GPLv3+: GNU GPL version 3 or later <http://gnu.org/licenses/gpl.html>
# This is free software: you are free to change and redistribute it.
# There is NO WARRANTY, to the extent permitted by law.

# Make data base, printed on Tue Jul  5 16:03:29 2022

# Variables

# 'override' directive
GNUMAKEFLAGS := 
# automatic
<D = $(patsubst %/,%,$(dir $<))
# automatic
?F = $(notdir $?)
# environment
DESKTOP_SESSION = ubuntu
# default
.SHELLFLAGS := -c
# environment
XDG_SESSION_CLASS = user
# environment
SNAP_COMMON = /var/snap/code-insiders/common
# environment
XDG_SESSION_TYPE = x11
# environment
VSCODE_LOG_NATIVE = false
# automatic
?D = $(patsubst %/,%,$(dir $?))
# environment
IM_CONFIG_PHASE = 1
# automatic
@D = $(patsubst %/,%,$(dir $@))
# environment
XAUTHORITY = /run/user/1000/gdm/Xauthority
# environment
GDMSESSION = ubuntu
# environment
XMODIFIERS = @im=ibus
# makefile
CURDIR := /home/djaisin/Documents/Coding/pipex
# makefile
SHELL = /bin/sh
# environment
SNAP_DATA = /var/snap/code-insiders/1032
# environment
VSCODE_NLS_CONFIG = {"locale":"en-us","availableLanguages":{},"_languagePackSupport":true}
# environment
JOURNAL_STREAM = 8:46356
# makefile (from 'Makefile', line 15)
CFLAGS = -Wall -Werror -Wextra
# makefile (from 'Makefile', line 28)
BLUE := \033[0;34m
# environment
XDG_CONFIG_DIRS = /etc/xdg/xdg-ubuntu:/etc/xdg
# environment
SNAP_INSTANCE_NAME = code-insiders
# environment
SNAP_ARCH = amd64
# makefile (from 'Makefile', line 1)
MAKEFILE_LIST :=  Makefile
# automatic
@F = $(notdir $@)
# environment
GIO_LAUNCHED_DESKTOP_FILE = /var/lib/snapd/desktop/applications/code-insiders_code-insiders.desktop
# makefile (from 'Makefile', line 18)
DEBUG = -fsanitize=address
# environment
USERNAME = djaisin
# environment
MAKELEVEL := 0
# environment
XDG_DATA_DIRS = /usr/share/ubuntu:/usr/local/share/:/usr/share/:/var/lib/snapd/desktop
# environment
DBUS_SESSION_BUS_ADDRESS = unix:path=/run/user/1000/bus
# environment
VSCODE_VERBOSE_LOGGING = true
# environment
_ = /snap/code-insiders/1032/usr/share/code-insiders/code-insiders
# makefile (from 'Makefile', line 23)
OBJS = $(SRCS:.c=.o)
# environment
MANAGERPID = 1376
# environment
LESSOPEN = | /usr/bin/lesspipe %s
# environment
LC_NAME = nl_NL.UTF-8
# environment
VSCODE_CWD = /home/djaisin
# environment
GSETTINGS_SCHEMA_DIR = /snap/code-insiders/1032/usr/share/glib-2.0/schemas
# default
MAKE_HOST := x86_64-pc-linux-gnu
# environment
PATH = /home/djaisin/.local/bin:/home/djaisin/.local/bin:/usr/local/sbin:/usr/local/bin:/usr/sbin:/usr/bin:/sbin:/bin:/usr/games:/usr/local/games:/snap/bin
# environment
GPG_AGENT_INFO = /run/user/1000/gnupg/S.gpg-agent:0:1
# environment
SESSION_MANAGER = local/djaisin-Latitude-E7270:@/tmp/.ICE-unix/1593,unix/djaisin-Latitude-E7270:/tmp/.ICE-unix/1593
# environment
XDG_RUNTIME_DIR = /run/user/1000
# environment
GDK_PIXBUF_MODULE_FILE = /home/djaisin/snap/code-insiders/common/.cache/gdk-pixbuf-loaders.cache
# environment
SNAP = /snap/code-insiders/1032
# environment
SNAP_VERSION = f361c5b7
# environment
XDG_MENU_PREFIX = gnome-
# environment
VSCODE_LOG_STACK = true
# environment
DISABLE_WAYLAND = 1
# environment
ELECTRON_RUN_AS_NODE = 1
# environment
INVOCATION_ID = 846ec12edd89463aa11774a025ca0205
# environment
GDK_PIXBUF_MODULEDIR = /snap/code-insiders/1032/usr/lib/x86_64-linux-gnu/gdk-pixbuf-2.0/2.10.0/loaders
# default
.FEATURES := target-specific order-only second-expansion else-if shortest-stem undefine oneshell archives jobserver output-sync check-symlink load
# makefile (from 'Makefile', line 29)
PURPLE := \033[0;35m
# environment
LS_COLORS = 
# environment
XDG_SESSION_DESKTOP = ubuntu
# environment
SSH_AUTH_SOCK = /run/user/1000/keyring/ssh
# environment
GIO_LAUNCHED_DESKTOP_FILE_PID = 1970
# automatic
%F = $(notdir $%)
# environment
DISPLAY = :0
# environment
VSCODE_PIPE_LOGGING = true
# environment
SNAP_INSTANCE_KEY = 
# environment
PWD = /home/djaisin/Documents/Coding/pipex
# default
.LOADED := 
# environment
SSH_AGENT_PID = 1555
# environment
ORIGINAL_XDG_CURRENT_DESKTOP = ubuntu:GNOME
# makefile (from 'Makefile', line 27)
GREEN := \033[0;32m
# environment
GTK_MODULES = gail:atk-bridge
# environment
VSCODE_AMD_ENTRYPOINT = vs/workbench/api/node/extensionHostProcess
# environment
HOME = /home/djaisin
# environment
LESSCLOSE = /usr/bin/lesspipe %s %s
# environment
VSCODE_CLI = 1
# environment
VSCODE_CODE_CACHE_PATH = /home/djaisin/.config/Code - Insiders/CachedData/f361c5b71d6676cfc6de97cdb1cc40b08bf7d994
# environment
LOGNAME = djaisin
# environment
APPLICATION_INSIGHTS_NO_DIAGNOSTIC_CHANNEL = 1
# environment
SNAP_LIBRARY_PATH = /var/lib/snapd/lib/gl:/var/lib/snapd/lib/gl32:/var/lib/snapd/void
# environment
SNAP_CONTEXT = jJ7j6FmCw7xDaOWFTAsKDcfC9DjHcTIdM4JFtfN1UfAD7PuzgGp3
# automatic
+F = $(notdir $+)
# environment
ELECTRON_NO_ATTACH_CONSOLE = 1
# environment
SNAP_USER_COMMON = /home/djaisin/snap/code-insiders/common
# environment
VSCODE_HANDLES_UNCAUGHT_ERRORS = true
# environment
GNOME_DESKTOP_SESSION_ID = this-is-deprecated
# automatic
^D = $(patsubst %/,%,$(dir $^))
# environment
LC_TIME = nl_NL.UTF-8
# environment
SNAP_REAL_HOME = /home/djaisin
# default
MAKE = $(MAKE_COMMAND)
# default
MAKECMDGOALS := all
# environment
QT_IM_MODULE = ibus
# makefile (from 'Makefile', line 19)
SRCS = ./srcs/init.c ./srcs/errors.c ./srcs/execution.c
# environment
SNAP_USER_DATA = /home/djaisin/snap/code-insiders/1032
# environment
SHLVL = 0
# makefile (from 'Makefile', line 17)
LIBFT = ./libs/libft/srcs/
# makefile (from 'Makefile', line 13)
CC = clang
# environment
GNOME_SHELL_SESSION_MODE = ubuntu
# default
MAKE_VERSION := 4.2.1
# environment
USER = djaisin
# environment
SNAP_REVISION = 1032
# environment
LC_MONETARY = nl_NL.UTF-8
# makefile
.DEFAULT_GOAL := all
# environment
XDG_CURRENT_DESKTOP = Unity
# makefile (from 'Makefile', line 14)
NAME = pipex
# automatic
%D = $(patsubst %/,%,$(dir $%))
# environment
LC_TELEPHONE = nl_NL.UTF-8
# default
MAKE_COMMAND := make
# makefile (from 'Makefile', line 25)
NC := \033[0m
# default
.VARIABLES := 
# automatic
*F = $(notdir $*)
# environment
VSCODE_IPC_HOOK = /run/user/1000/vscode-87c8f6ab-1.69.0-insider-main.sock
# environment
BAMF_DESKTOP_FILE_HINT = /var/lib/snapd/desktop/applications/code-insiders_code-insiders.desktop
# makefile (from 'Makefile', line 26)
RED := \033[1;31m
# makefile
MAKEFLAGS = pqrR
# environment
MFLAGS = -pqrR
# automatic
*D = $(patsubst %/,%,$(dir $*))
# automatic
+D = $(patsubst %/,%,$(dir $+))
# environment
GDK_BACKEND = x11
# environment
LC_PAPER = nl_NL.UTF-8
# environment
LC_IDENTIFICATION = nl_NL.UTF-8
# environment
QT_ACCESSIBILITY = 1
# default
MAKEFILES := 
# environment
SNAP_COOKIE = jJ7j6FmCw7xDaOWFTAsKDcfC9DjHcTIdM4JFtfN1UfAD7PuzgGp3
# environment
LC_NUMERIC = nl_NL.UTF-8
# automatic
<F = $(notdir $<)
# environment
LC_MEASUREMENT = nl_NL.UTF-8
# environment
SNAP_NAME = code-insiders
# environment
LC_ALL = C
# makefile (from 'Makefile', line 16)
HEADER = -I includes -I libs/libft/srcs
# environment
GJS_DEBUG_TOPICS = JS ERROR;JS LOG
# automatic
^F = $(notdir $^)
# default
SUFFIXES := 
# environment
SNAP_REEXEC = 
# environment
CHROME_DESKTOP = code-insiders-url-handler.desktop
# environment
WINDOWPATH = 2
# default
.INCLUDE_DIRS = /usr/include /usr/local/include /usr/include
# environment
GJS_DEBUG_OUTPUT = stderr
# default
.RECIPEPREFIX := 
# environment
LC_ADDRESS = nl_NL.UTF-8
# environment
LANG = C
# environment
VSCODE_PID = 2016
# variable set hash-table stats:
 
# Load=141/1024=14%, Rehash=0, Collisions=25/178=14%

# Pattern-specific Variable Values

# No pattern-specific variable values.

# Directories

# . (device 2053, inode 8532018): 14 files, no impossibilities.

# 14 files, no impossibilities in 1 directories.

# Implicit Rules

# No implicit rules.

# Files

all,:
#  Phony target (prerequisite of .PHONY).
#  Implicit rule search has not been done.
#  File does not exist.
#  File has not been updated.

all: libft pipex
#  Command line target.
#  Implicit rule search has been done.
#  File does not exist.
#  File has been updated.
#  Needs to be updated (-q is set).
# variable set hash-table stats:
# Load=0/32=0%, Rehash=0, Collisions=0/8=0%

.PHONY: all, libft, clean, fclean
#  Implicit rule search has not been done.
#  Modification time never checked.
#  File has not been updated.

libft,:
#  Phony target (prerequisite of .PHONY).
#  Implicit rule search has not been done.
#  File does not exist.
#  File has not been updated.

libft:
#  Implicit rule search has not been done.
#  Implicit/static pattern stem: ''
#  File does not exist.
#  File has been updated.
#  Needs to be updated (-q is set).
# automatic
# @ := libft
# automatic
# % := 
# automatic
# * := 
# automatic
# + := 
# automatic
# | := 
# automatic
# < := 
# automatic
# ^ := 
# automatic
# ? := 
# variable set hash-table stats:
# Load=8/32=25%, Rehash=0, Collisions=4/16=25%
#  recipe to execute (from 'Makefile', line 34):
	@echo "\n${BLUE}======== libft ========${NC}"
	@$(MAKE) -C $(LIBFT)

# Not a target:
.SUFFIXES:
#  Implicit rule search has not been done.
#  Modification time never checked.
#  File has not been updated.

# Not a target:
Makefile:
#  Implicit rule search has been done.
#  Last modified 2022-07-04 23:26:34.274477393
#  File has been updated.
#  Successfully updated.

# Not a target:
srcs/init.o:
#  Implicit rule search has not been done.
#  Modification time never checked.
#  File has not been updated.

# Not a target:
srcs/execution.o:
#  Implicit rule search has not been done.
#  Modification time never checked.
#  File has not been updated.

fclean: clean
#  Phony target (prerequisite of .PHONY).
#  Implicit rule search has not been done.
#  File does not exist.
#  File has not been updated.
#  recipe to execute (from 'Makefile', line 49):
	@rm -f $(NAME)
	@echo "${RED} Removed ${NC} $(NAME)"
	@$(MAKE) -C $(LIBFT) fclean

# Not a target:
.DEFAULT:
#  Implicit rule search has not been done.
#  Modification time never checked.
#  File has not been updated.

clean,:
#  Phony target (prerequisite of .PHONY).
#  Implicit rule search has not been done.
#  File does not exist.
#  File has not been updated.

re: fclean all
#  Implicit rule search has not been done.
#  Modification time never checked.
#  File has not been updated.

clean:
#  Implicit rule search has not been done.
#  Modification time never checked.
#  File has not been updated.
#  recipe to execute (from 'Makefile', line 44):
	@rm -f $(OBJS)
	@echo "${RED} Removed ${NC} $(OBJS)"
	@$(MAKE) -C $(LIBFT) clean

# Not a target:
srcs/errors.o:
#  Implicit rule search has not been done.
#  Modification time never checked.
#  File has not been updated.

pipex: srcs/init.o srcs/errors.o srcs/execution.o
#  Implicit rule search has not been done.
#  Modification time never checked.
#  File has not been updated.
#  recipe to execute (from 'Makefile', line 38):
	@echo "${PURPLE}======== Compiling... ========${NC}"
	$(CC) $(CFLAGS) $(HEADER) $(OBJS) $(LIBFT)libft.a $(DEBUG) -o $(NAME)

# files hash-table stats:
# Load=16/1024=2%, Rehash=0, Collisions=0/42=0%
# VPATH Search Paths

# No 'vpath' search paths.

# No general ('VPATH' variable) search path.

# strcache buffers: 1 (0) / strings = 30 / storage = 243 B / avg = 8 B
# current buf: size = 8162 B / used = 243 B / count = 30 / avg = 8 B

# strcache performance: lookups = 50 / hit rate = 40%
# hash-table stats:
# Load=30/8192=0%, Rehash=0, Collisions=1/50=2%
# Finished Make data base on Tue Jul  5 16:03:29 2022

 
